<?xml version="1.0" encoding="UTF-8"?>
<!-- Generated by org.testng.reporters.JUnitReportReporter -->
<testsuite hostname="MacBook-Pro.local" failures="0" tests="1" name="com.mavenpractice.selenium.Test1" time="5.296" errors="0" timestamp="2020-07-15T21:35:08 EDT" skipped="0">
  <testcase classname="com.mavenpractice.selenium.Test1" name="runTest1" time="5.296"/>
  <system-out/>
</testsuite> <!-- com.mavenpractice.selenium.Test1 -->
