<?xml version="1.0" encoding="UTF-8"?>
<!-- Generated by org.testng.reporters.JUnitReportReporter -->
<testsuite hostname="MacBook-Pro.local" failures="0" tests="4" name="TestNGIntro.ParallelExecutionIntro" time="0.000" errors="0" timestamp="2020-07-10T21:07:44 EDT" skipped="2">
  <testcase classname="TestNGIntro.ParallelExecutionIntro" name="test3" time="0.000"/>
  <system-out/>
  <testcase classname="TestNGIntro.ParallelExecutionIntro" name="test4" time="0.000"/>
  <system-out/>
  <testcase classname="TestNGIntro.ParallelExecutionIntro" name="test1">
    <skipped/>
  </testcase> <!-- test1 -->
  <system-out/>
  <testcase classname="TestNGIntro.ParallelExecutionIntro" name="test2">
    <skipped/>
  </testcase> <!-- test2 -->
  <system-out/>
</testsuite> <!-- TestNGIntro.ParallelExecutionIntro -->
