<?xml version="1.0" encoding="UTF-8"?>
<!-- Generated by org.testng.reporters.JUnitReportReporter -->
<testsuite hostname="MacBook-Pro.local" failures="0" tests="2" name="TestNGIntro.ParametersIntro" time="0.007" errors="0" timestamp="2020-07-10T21:07:44 EDT" skipped="0">
  <testcase classname="TestNGIntro.ParametersIntro" name="sub" time="0.001"/>
  <system-out/>
  <testcase classname="TestNGIntro.ParametersIntro" name="add" time="0.006"/>
  <system-out/>
</testsuite> <!-- TestNGIntro.ParametersIntro -->
