<?xml version="1.0" encoding="UTF-8"?>
<!-- Generated by org.testng.reporters.JUnitReportReporter -->
<testsuite hostname="MacBook-Pro.local" failures="0" tests="5" name="TestNGIntro.DependentTestIntro" time="0.010" errors="0" timestamp="2020-07-08T21:28:58 EDT" skipped="0">
  <testcase classname="TestNGIntro.DependentTestIntro" name="testCase4" time="0.001"/>
  <system-out/>
  <testcase classname="TestNGIntro.DependentTestIntro" name="testCase2" time="0.001"/>
  <system-out/>
  <testcase classname="TestNGIntro.DependentTestIntro" name="testCase3" time="0.006"/>
  <system-out/>
  <testcase classname="TestNGIntro.DependentTestIntro" name="testCase1" time="0.001"/>
  <system-out/>
  <testcase classname="TestNGIntro.DependentTestIntro" name="testCase5" time="0.001"/>
  <system-out/>
</testsuite> <!-- TestNGIntro.DependentTestIntro -->
