<?xml version="1.0" encoding="UTF-8"?>
<!-- Generated by org.testng.reporters.JUnitReportReporter -->
<testsuite hostname="MacBook-Pro.local" failures="0" tests="11" name="TestNGIntro.ParallelDataprovidersIntro" time="0.014" errors="0" timestamp="2020-07-10T21:23:29 EDT" skipped="0">
  <testcase classname="TestNGIntro.ParallelDataprovidersIntro" name="testCase1" time="0.005"/>
  <system-out/>
  <testcase classname="TestNGIntro.ParallelDataprovidersIntro" name="testCase1" time="0.001"/>
  <system-out/>
  <testcase classname="TestNGIntro.ParallelDataprovidersIntro" name="testCase1" time="0.000"/>
  <system-out/>
  <testcase classname="TestNGIntro.ParallelDataprovidersIntro" name="testCase1" time="0.001"/>
  <system-out/>
  <testcase classname="TestNGIntro.ParallelDataprovidersIntro" name="testCase1" time="0.001"/>
  <system-out/>
  <testcase classname="TestNGIntro.ParallelDataprovidersIntro" name="testCase1" time="0.001"/>
  <system-out/>
  <testcase classname="TestNGIntro.ParallelDataprovidersIntro" name="testCase1" time="0.001"/>
  <system-out/>
  <testcase classname="TestNGIntro.ParallelDataprovidersIntro" name="testCase1" time="0.001"/>
  <system-out/>
  <testcase classname="TestNGIntro.ParallelDataprovidersIntro" name="testCase1" time="0.001"/>
  <system-out/>
  <testcase classname="TestNGIntro.ParallelDataprovidersIntro" name="testCase1" time="0.001"/>
  <system-out/>
  <testcase classname="TestNGIntro.ParallelDataprovidersIntro" name="testCase1" time="0.001"/>
  <system-out/>
</testsuite> <!-- TestNGIntro.ParallelDataprovidersIntro -->
