<?xml version="1.0" encoding="UTF-8"?>
<!-- Generated by org.testng.reporters.JUnitReportReporter -->
<testsuite hostname="MacBook-Pro.local" failures="0" tests="2" name="TestNGIntro.AnnotationsIntro" time="0.002" errors="0" timestamp="2020-07-07T21:35:17 EDT" skipped="0">
  <testcase classname="TestNGIntro.AnnotationsIntro" name="testCase2" time="0.001"/>
  <system-out/>
  <testcase classname="TestNGIntro.AnnotationsIntro" name="testCase1" time="0.001"/>
  <system-out/>
</testsuite> <!-- TestNGIntro.AnnotationsIntro -->
