<?xml version="1.0" encoding="UTF-8"?>
<!-- Generated by org.testng.reporters.JUnitReportReporter -->
<testsuite hostname="MacBook-Pro.local" failures="0" tests="3" name="TestNGIntro.IgnoreTestsIntro" time="0.006" errors="0" timestamp="2020-07-08T21:27:19 EDT" skipped="1">
  <testcase classname="TestNGIntro.IgnoreTestsIntro" name="methodC" time="0.001"/>
  <system-out/>
  <testcase classname="TestNGIntro.IgnoreTestsIntro" name="methodB" time="0.005"/>
  <system-out/>
  <testcase classname="TestNGIntro.IgnoreTestsIntro" name="methodA">
    <skipped/>
  </testcase> <!-- methodA -->
  <system-out/>
</testsuite> <!-- TestNGIntro.IgnoreTestsIntro -->
