<?xml version="1.0" encoding="UTF-8"?>
<!-- Generated by org.testng.reporters.JUnitReportReporter -->
<testsuite hostname="MacBook-Pro.local" failures="0" tests="3" name="TestNGIntro.DataProviderIntro" time="0.014" errors="0" timestamp="2020-07-09T21:20:39 EDT" skipped="0">
  <testcase classname="TestNGIntro.DataProviderIntro" name="method3" time="0.003"/>
  <system-out/>
  <testcase classname="TestNGIntro.DataProviderIntro" name="method3" time="0.010"/>
  <system-out/>
  <testcase classname="TestNGIntro.DataProviderIntro" name="method3" time="0.001"/>
  <system-out/>
</testsuite> <!-- TestNGIntro.DataProviderIntro -->
