<?xml version="1.0" encoding="UTF-8"?>
<!-- Generated by org.testng.reporters.JUnitReportReporter -->
<testsuite hostname="MacBook-Pro.local" failures="0" tests="4" name="TestNGIntro.GroupsIntro" time="0.007" errors="0" timestamp="2020-07-08T21:35:38 EDT" skipped="0">
  <testcase classname="TestNGIntro.GroupsIntro" name="testCase1" time="0.000"/>
  <system-out/>
  <testcase classname="TestNGIntro.GroupsIntro" name="testCase2" time="0.005"/>
  <system-out/>
  <testcase classname="TestNGIntro.GroupsIntro" name="testCase4" time="0.001"/>
  <system-out/>
  <testcase classname="TestNGIntro.GroupsIntro" name="testCase3" time="0.001"/>
  <system-out/>
</testsuite> <!-- TestNGIntro.GroupsIntro -->
