<?xml version="1.0" encoding="UTF-8"?>
<!-- Generated by org.testng.reporters.JUnitReportReporter -->
<testsuite hostname="MacBook-Pro.local" failures="0" tests="3" name="TestNGIntro.Test1" time="0.011" errors="0" timestamp="2020-07-09T20:44:54 EDT" skipped="0">
  <testcase classname="TestNGIntro.Test1" name="method1" time="0.009"/>
  <system-out/>
  <testcase classname="TestNGIntro.Test1" name="back" time="0.001"/>
  <system-out/>
  <testcase classname="TestNGIntro.Test1" name="add" time="0.001"/>
  <system-out/>
</testsuite> <!-- TestNGIntro.Test1 -->
